This file contains any messages produced by compilers while
running configure, to aid debugging if configure makes a mistake.

It was created by myupan configure 1.0, which was
generated by GNU Autoconf 2.67.  Invocation command line was

  $ ./configure 

## --------- ##
## Platform. ##
## --------- ##

hostname = HP
uname -m = i686
uname -r = 2.6.38-13-generic
uname -s = Linux
uname -v = #56-Ubuntu SMP Tue Feb 14 12:40:40 UTC 2012

/usr/bin/uname -p = unknown
/bin/uname -X     = unknown

/bin/arch              = unknown
/usr/bin/arch -k       = unknown
/usr/convex/getsysinfo = unknown
/usr/bin/hostinfo      = unknown
/bin/machine           = unknown
/usr/bin/oslevel       = unknown
/bin/universe          = unknown

PATH: /usr/local/sbin
PATH: /usr/local/bin
PATH: /usr/sbin
PATH: /usr/bin
PATH: /sbin
PATH: /bin
PATH: /usr/games
PATH: /home/queminye/qtcreator-2.5.0/bin


## ----------- ##
## Core tests. ##
## ----------- ##

configure:2278: checking for a BSD-compatible install
configure:2346: result: /usr/bin/install -c
configure:2357: checking whether build environment is sane
configure:2407: result: yes
configure:2548: checking for a thread-safe mkdir -p
configure:2587: result: /bin/mkdir -p
configure:2600: checking for gawk
configure:2616: found /usr/bin/gawk
configure:2627: result: gawk
configure:2638: checking whether make sets $(MAKE)
configure:2660: result: yes
configure:2790: checking for gcc
configure:2806: found /usr/bin/gcc
configure:2817: result: gcc
configure:3046: checking for C compiler version
configure:3055: gcc --version >&5
gcc (Ubuntu/Linaro 4.5.2-8ubuntu4) 4.5.2
Copyright (C) 2010 Free Software Foundation, Inc.
This is free software; see the source for copying conditions.  There is NO
warranty; not even for MERCHANTABILITY or FITNESS FOR A PARTICULAR PURPOSE.

configure:3066: $? = 0
configure:3055: gcc -v >&5
Using built-in specs.
COLLECT_GCC=gcc
COLLECT_LTO_WRAPPER=/usr/lib/i386-linux-gnu/gcc/i686-linux-gnu/4.5.2/lto-wrapper
Target: i686-linux-gnu
Configured with: ../src/configure -v --with-pkgversion='Ubuntu/Linaro 4.5.2-8ubuntu4' --with-bugurl=file:///usr/share/doc/gcc-4.5/README.Bugs --enable-languages=c,c++,fortran,objc,obj-c++ --prefix=/usr --program-suffix=-4.5 --enable-shared --enable-multiarch --with-multiarch-defaults=i386-linux-gnu --enable-linker-build-id --with-system-zlib --libexecdir=/usr/lib/i386-linux-gnu --without-included-gettext --enable-threads=posix --with-gxx-include-dir=/usr/include/c++/4.5 --libdir=/usr/lib/i386-linux-gnu --enable-nls --with-sysroot=/ --enable-clocale=gnu --enable-libstdcxx-debug --enable-libstdcxx-time=yes --enable-plugin --enable-gold --enable-ld=default --with-plugin-ld=ld.gold --enable-objc-gc --enable-targets=all --disable-werror --with-arch-32=i686 --with-tune=generic --enable-checking=release --build=i686-linux-gnu --host=i686-linux-gnu --target=i686-linux-gnu
Thread model: posix
gcc version 4.5.2 (Ubuntu/Linaro 4.5.2-8ubuntu4) 
configure:3066: $? = 0
configure:3055: gcc -V >&5
gcc: '-V' option must have argument
configure:3066: $? = 1
configure:3055: gcc -qversion >&5
gcc: unrecognized option '-qversion'
gcc: no input files
configure:3066: $? = 1
configure:3086: checking whether the C compiler works
configure:3108: gcc    conftest.c  >&5
configure:3112: $? = 0
configure:3160: result: yes
configure:3163: checking for C compiler default output file name
configure:3165: result: a.out
configure:3171: checking for suffix of executables
configure:3178: gcc -o conftest    conftest.c  >&5
configure:3182: $? = 0
configure:3204: result: 
configure:3226: checking whether we are cross compiling
configure:3234: gcc -o conftest    conftest.c  >&5
configure:3238: $? = 0
configure:3245: ./conftest
configure:3249: $? = 0
configure:3264: result: no
configure:3269: checking for suffix of object files
configure:3291: gcc -c   conftest.c >&5
configure:3295: $? = 0
configure:3316: result: o
configure:3320: checking whether we are using the GNU C compiler
configure:3339: gcc -c   conftest.c >&5
configure:3339: $? = 0
configure:3348: result: yes
configure:3357: checking whether gcc accepts -g
configure:3377: gcc -c -g  conftest.c >&5
configure:3377: $? = 0
configure:3418: result: yes
configure:3435: checking for gcc option to accept ISO C89
configure:3499: gcc  -c -g -O2  conftest.c >&5
configure:3499: $? = 0
configure:3512: result: none needed
configure:3543: checking for style of include used by make
configure:3571: result: GNU
configure:3596: checking dependency style of gcc
configure:3706: result: gcc3
configure:3722: checking whether gcc and cc understand -c and -o together
configure:3753: gcc -c conftest.c -o conftest2.o >&5
configure:3757: $? = 0
configure:3763: gcc -c conftest.c -o conftest2.o >&5
configure:3767: $? = 0
configure:3778: cc -c conftest.c >&5
configure:3782: $? = 0
configure:3790: cc -c conftest.c -o conftest2.o >&5
configure:3794: $? = 0
configure:3800: cc -c conftest.c -o conftest2.o >&5
configure:3804: $? = 0
configure:3822: result: yes
configure:3862: checking build system type
configure:3876: result: i686-pc-linux-gnu
configure:3896: checking host system type
configure:3909: result: i686-pc-linux-gnu
configure:3929: checking for a sed that does not truncate output
configure:3993: result: /bin/sed
configure:4011: checking for grep that handles long lines and -e
configure:4069: result: /bin/grep
configure:4074: checking for egrep
configure:4136: result: /bin/grep -E
configure:4141: checking for fgrep
configure:4203: result: /bin/grep -F
configure:4238: checking for ld used by gcc
configure:4305: result: /usr/bin/ld
configure:4312: checking if the linker (/usr/bin/ld) is GNU ld
configure:4327: result: yes
configure:4339: checking for BSD- or MS-compatible name lister (nm)
configure:4388: result: /usr/bin/nm -B
configure:4506: checking the name lister (/usr/bin/nm -B) interface
configure:4513: gcc -c -g -O2  conftest.c >&5
configure:4516: /usr/bin/nm -B "conftest.o"
configure:4519: output
00000000 B some_variable
configure:4526: result: BSD nm
configure:4529: checking whether ln -s works
configure:4533: result: yes
configure:4541: checking the maximum length of command line arguments
configure:4661: result: 1572864
configure:4678: checking whether the shell understands some XSI constructs
configure:4688: result: yes
configure:4692: checking whether the shell understands "+="
configure:4698: result: yes
configure:4733: checking for /usr/bin/ld option to reload object files
configure:4740: result: -r
configure:4809: checking for objdump
configure:4825: found /usr/bin/objdump
configure:4836: result: objdump
configure:4868: checking how to recognize dependent libraries
configure:5064: result: pass_all
configure:5124: checking for ar
configure:5140: found /usr/bin/ar
configure:5151: result: ar
configure:5229: checking for strip
configure:5245: found /usr/bin/strip
configure:5256: result: strip
configure:5328: checking for ranlib
configure:5344: found /usr/bin/ranlib
configure:5355: result: ranlib
configure:5445: checking command to parse /usr/bin/nm -B output from gcc object
configure:5563: gcc -c -g -O2  conftest.c >&5
configure:5566: $? = 0
configure:5570: /usr/bin/nm -B conftest.o \| sed -n -e 's/^.*[	 ]\([ABCDGIRSTW][ABCDGIRSTW]*\)[	 ][	 ]*\([_A-Za-z][_A-Za-z0-9]*\)$/\1 \2 \2/p' \> conftest.nm
configure:5573: $? = 0
configure:5627: gcc -o conftest -g -O2   conftest.c conftstm.o >&5
configure:5630: $? = 0
configure:5668: result: ok
configure:6477: checking how to run the C preprocessor
configure:6508: gcc -E  conftest.c
configure:6508: $? = 0
configure:6522: gcc -E  conftest.c
conftest.c:11:28: fatal error: ac_nonexistent.h: No such file or directory
compilation terminated.
configure:6522: $? = 1
configure: failed program was:
| /* confdefs.h */
| #define PACKAGE_NAME "myupan"
| #define PACKAGE_TARNAME "myupan"
| #define PACKAGE_VERSION "1.0"
| #define PACKAGE_STRING "myupan 1.0"
| #define PACKAGE_BUGREPORT "dongdong.que@asianux.com"
| #define PACKAGE_URL ""
| #define PACKAGE "myupan"
| #define VERSION "1.0"
| /* end confdefs.h.  */
| #include <ac_nonexistent.h>
configure:6547: result: gcc -E
configure:6567: gcc -E  conftest.c
configure:6567: $? = 0
configure:6581: gcc -E  conftest.c
conftest.c:11:28: fatal error: ac_nonexistent.h: No such file or directory
compilation terminated.
configure:6581: $? = 1
configure: failed program was:
| /* confdefs.h */
| #define PACKAGE_NAME "myupan"
| #define PACKAGE_TARNAME "myupan"
| #define PACKAGE_VERSION "1.0"
| #define PACKAGE_STRING "myupan 1.0"
| #define PACKAGE_BUGREPORT "dongdong.que@asianux.com"
| #define PACKAGE_URL ""
| #define PACKAGE "myupan"
| #define VERSION "1.0"
| /* end confdefs.h.  */
| #include <ac_nonexistent.h>
configure:6610: checking for ANSI C header files
configure:6630: gcc -c -g -O2  conftest.c >&5
configure:6630: $? = 0
configure:6703: gcc -o conftest -g -O2   conftest.c  >&5
configure:6703: $? = 0
configure:6703: ./conftest
configure:6703: $? = 0
configure:6714: result: yes
configure:6727: checking for sys/types.h
configure:6727: gcc -c -g -O2  conftest.c >&5
configure:6727: $? = 0
configure:6727: result: yes
configure:6727: checking for sys/stat.h
configure:6727: gcc -c -g -O2  conftest.c >&5
configure:6727: $? = 0
configure:6727: result: yes
configure:6727: checking for stdlib.h
configure:6727: gcc -c -g -O2  conftest.c >&5
configure:6727: $? = 0
configure:6727: result: yes
configure:6727: checking for string.h
configure:6727: gcc -c -g -O2  conftest.c >&5
configure:6727: $? = 0
configure:6727: result: yes
configure:6727: checking for memory.h
configure:6727: gcc -c -g -O2  conftest.c >&5
configure:6727: $? = 0
configure:6727: result: yes
configure:6727: checking for strings.h
configure:6727: gcc -c -g -O2  conftest.c >&5
configure:6727: $? = 0
configure:6727: result: yes
configure:6727: checking for inttypes.h
configure:6727: gcc -c -g -O2  conftest.c >&5
configure:6727: $? = 0
configure:6727: result: yes
configure:6727: checking for stdint.h
configure:6727: gcc -c -g -O2  conftest.c >&5
configure:6727: $? = 0
configure:6727: result: yes
configure:6727: checking for unistd.h
configure:6727: gcc -c -g -O2  conftest.c >&5
configure:6727: $? = 0
configure:6727: result: yes
configure:6741: checking for dlfcn.h
configure:6741: gcc -c -g -O2  conftest.c >&5
configure:6741: $? = 0
configure:6741: result: yes
configure:6925: checking for objdir
configure:6940: result: .libs
configure:7232: checking if gcc supports -fno-rtti -fno-exceptions
configure:7250: gcc -c -g -O2  -fno-rtti -fno-exceptions conftest.c >&5
cc1: warning: command line option "-fno-rtti" is valid for C++/ObjC++ but not for C
configure:7254: $? = 0
configure:7267: result: no
configure:7287: checking for gcc option to produce PIC
configure:7559: result: -fPIC -DPIC
configure:7571: checking if gcc PIC flag -fPIC -DPIC works
configure:7589: gcc -c -g -O2  -fPIC -DPIC -DPIC conftest.c >&5
configure:7593: $? = 0
configure:7606: result: yes
configure:7630: checking if gcc static flag -static works
configure:7658: result: yes
configure:7673: checking if gcc supports -c -o file.o
configure:7694: gcc -c -g -O2  -o out/conftest2.o conftest.c >&5
configure:7698: $? = 0
configure:7720: result: yes
configure:7728: checking if gcc supports -c -o file.o
configure:7775: result: yes
configure:7808: checking whether the gcc linker (/usr/bin/ld) supports shared libraries
configure:8799: result: yes
configure:8836: checking whether -lc should be explicitly linked in
configure:8841: gcc -c -g -O2  conftest.c >&5
configure:8844: $? = 0
configure:8859: gcc -shared conftest.o  -v -Wl,-soname -Wl,conftest -o conftest 2\>\&1 \| /bin/grep  -lc  \>/dev/null 2\>\&1
configure:8862: $? = 0
configure:8874: result: no
configure:9038: checking dynamic linker characteristics
configure:9471: gcc -o conftest -g -O2   -Wl,-rpath -Wl,/foo conftest.c  >&5
configure:9471: $? = 0
configure:9701: result: GNU/Linux ld.so
configure:9803: checking how to hardcode library paths into programs
configure:9828: result: immediate
configure:10348: checking whether stripping libraries is possible
configure:10353: result: yes
configure:10388: checking if libtool supports shared libraries
configure:10390: result: yes
configure:10393: checking whether to build shared libraries
configure:10414: result: yes
configure:10417: checking whether to build static libraries
configure:10421: result: yes
configure:10511: checking for pkg-config
configure:10529: found /usr/bin/pkg-config
configure:10541: result: /usr/bin/pkg-config
configure:10566: checking pkg-config is at least version 0.9.0
configure:10569: result: yes
configure:10579: checking for IUPAN
configure:10586: $PKG_CONFIG --exists --print-errors "dbus-1 gconf-2.0 glib-2.0 gobject-2.0"
configure:10589: $? = 0
configure:10602: $PKG_CONFIG --exists --print-errors "dbus-1 gconf-2.0 glib-2.0 gobject-2.0"
configure:10605: $? = 0
configure:10662: result: yes
configure:10795: creating ./config.status

## ---------------------- ##
## Running config.status. ##
## ---------------------- ##

This file was extended by myupan config.status 1.0, which was
generated by GNU Autoconf 2.67.  Invocation command line was

  CONFIG_FILES    = 
  CONFIG_HEADERS  = 
  CONFIG_LINKS    = 
  CONFIG_COMMANDS = 
  $ ./config.status 

on HP

config.status:1075: creating Makefile
config.status:1075: creating src/Makefile
config.status:1075: creating config.h
config.status:1255: config.h is unchanged
config.status:1303: executing depfiles commands
config.status:1303: executing libtool commands

## ---------------- ##
## Cache variables. ##
## ---------------- ##

ac_cv_build=i686-pc-linux-gnu
ac_cv_c_compiler_gnu=yes
ac_cv_env_CC_set=
ac_cv_env_CC_value=
ac_cv_env_CFLAGS_set=
ac_cv_env_CFLAGS_value=
ac_cv_env_CPPFLAGS_set=
ac_cv_env_CPPFLAGS_value=
ac_cv_env_CPP_set=
ac_cv_env_CPP_value=
ac_cv_env_IUPAN_CFLAGS_set=
ac_cv_env_IUPAN_CFLAGS_value=
ac_cv_env_IUPAN_LIBS_set=
ac_cv_env_IUPAN_LIBS_value=
ac_cv_env_LDFLAGS_set=
ac_cv_env_LDFLAGS_value=
ac_cv_env_LIBS_set=
ac_cv_env_LIBS_value=
ac_cv_env_PKG_CONFIG_LIBDIR_set=
ac_cv_env_PKG_CONFIG_LIBDIR_value=
ac_cv_env_PKG_CONFIG_PATH_set=
ac_cv_env_PKG_CONFIG_PATH_value=
ac_cv_env_PKG_CONFIG_set=
ac_cv_env_PKG_CONFIG_value=
ac_cv_env_build_alias_set=
ac_cv_env_build_alias_value=
ac_cv_env_host_alias_set=
ac_cv_env_host_alias_value=
ac_cv_env_target_alias_set=
ac_cv_env_target_alias_value=
ac_cv_header_dlfcn_h=yes
ac_cv_header_inttypes_h=yes
ac_cv_header_memory_h=yes
ac_cv_header_stdc=yes
ac_cv_header_stdint_h=yes
ac_cv_header_stdlib_h=yes
ac_cv_header_string_h=yes
ac_cv_header_strings_h=yes
ac_cv_header_sys_stat_h=yes
ac_cv_header_sys_types_h=yes
ac_cv_header_unistd_h=yes
ac_cv_host=i686-pc-linux-gnu
ac_cv_objext=o
ac_cv_path_EGREP='/bin/grep -E'
ac_cv_path_FGREP='/bin/grep -F'
ac_cv_path_GREP=/bin/grep
ac_cv_path_SED=/bin/sed
ac_cv_path_ac_pt_PKG_CONFIG=/usr/bin/pkg-config
ac_cv_path_install='/usr/bin/install -c'
ac_cv_path_mkdir=/bin/mkdir
ac_cv_prog_AWK=gawk
ac_cv_prog_CPP='gcc -E'
ac_cv_prog_ac_ct_AR=ar
ac_cv_prog_ac_ct_CC=gcc
ac_cv_prog_ac_ct_OBJDUMP=objdump
ac_cv_prog_ac_ct_RANLIB=ranlib
ac_cv_prog_ac_ct_STRIP=strip
ac_cv_prog_cc_c89=
ac_cv_prog_cc_g=yes
ac_cv_prog_cc_gcc_c_o=yes
ac_cv_prog_make_make_set=yes
am_cv_CC_dependencies_compiler_type=gcc3
lt_cv_deplibs_check_method=pass_all
lt_cv_file_magic_cmd='$MAGIC_CMD'
lt_cv_file_magic_test_file=
lt_cv_ld_reload_flag=-r
lt_cv_nm_interface='BSD nm'
lt_cv_objdir=.libs
lt_cv_path_LD=/usr/bin/ld
lt_cv_path_NM='/usr/bin/nm -B'
lt_cv_prog_compiler_c_o=yes
lt_cv_prog_compiler_pic_works=yes
lt_cv_prog_compiler_rtti_exceptions=no
lt_cv_prog_compiler_static_works=yes
lt_cv_prog_gnu_ld=yes
lt_cv_sys_global_symbol_pipe='sed -n -e '\''s/^.*[	 ]\([ABCDGIRSTW][ABCDGIRSTW]*\)[	 ][	 ]*\([_A-Za-z][_A-Za-z0-9]*\)$/\1 \2 \2/p'\'''
lt_cv_sys_global_symbol_to_c_name_address='sed -n -e '\''s/^: \([^ ]*\) $/  {\"\1\", (void *) 0},/p'\'' -e '\''s/^[ABCDGIRSTW]* \([^ ]*\) \([^ ]*\)$/  {"\2", (void *) \&\2},/p'\'''
lt_cv_sys_global_symbol_to_c_name_address_lib_prefix='sed -n -e '\''s/^: \([^ ]*\) $/  {\"\1\", (void *) 0},/p'\'' -e '\''s/^[ABCDGIRSTW]* \([^ ]*\) \(lib[^ ]*\)$/  {"\2", (void *) \&\2},/p'\'' -e '\''s/^[ABCDGIRSTW]* \([^ ]*\) \([^ ]*\)$/  {"lib\2", (void *) \&\2},/p'\'''
lt_cv_sys_global_symbol_to_cdecl='sed -n -e '\''s/^T .* \(.*\)$/extern int \1();/p'\'' -e '\''s/^[ABCDGIRSTW]* .* \(.*\)$/extern char \1;/p'\'''
lt_cv_sys_max_cmd_len=1572864
pkg_cv_IUPAN_CFLAGS='-pthread -DORBIT2=1 -I/usr/include/dbus-1.0 -I/usr/lib/i386-linux-gnu/dbus-1.0/include -I/usr/include/glib-2.0 -I/usr/lib/i386-linux-gnu/glib-2.0/include -I/usr/include/gconf/2 -I/usr/include/orbit-2.0  '
pkg_cv_IUPAN_LIBS='-pthread -L/usr/lib/i386-linux-gnu -ldbus-1 -lpthread -lgconf-2 -lgobject-2.0 -lgthread-2.0 -lrt -lglib-2.0  '

## ----------------- ##
## Output variables. ##
## ----------------- ##

ACLOCAL='${SHELL} /home/queminye/myproject/gobject-execise/missing --run aclocal-1.11'
AMDEPBACKSLASH='\'
AMDEP_FALSE='#'
AMDEP_TRUE=''
AMTAR='${SHELL} /home/queminye/myproject/gobject-execise/missing --run tar'
AR='ar'
AUTOCONF='${SHELL} /home/queminye/myproject/gobject-execise/missing --run autoconf'
AUTOHEADER='${SHELL} /home/queminye/myproject/gobject-execise/missing --run autoheader'
AUTOMAKE='${SHELL} /home/queminye/myproject/gobject-execise/missing --run automake-1.11'
AWK='gawk'
CC='gcc'
CCDEPMODE='depmode=gcc3'
CFLAGS='-g -O2'
CPP='gcc -E'
CPPFLAGS=''
CYGPATH_W='echo'
DEFS='-DHAVE_CONFIG_H'
DEPDIR='.deps'
DSYMUTIL=''
DUMPBIN=''
ECHO_C=''
ECHO_N='-n'
ECHO_T=''
EGREP='/bin/grep -E'
EXEEXT=''
FGREP='/bin/grep -F'
GREP='/bin/grep'
INSTALL_DATA='${INSTALL} -m 644'
INSTALL_PROGRAM='${INSTALL}'
INSTALL_SCRIPT='${INSTALL}'
INSTALL_STRIP_PROGRAM='$(install_sh) -c -s'
IUPAN_CFLAGS='-pthread -DORBIT2=1 -I/usr/include/dbus-1.0 -I/usr/lib/i386-linux-gnu/dbus-1.0/include -I/usr/include/glib-2.0 -I/usr/lib/i386-linux-gnu/glib-2.0/include -I/usr/include/gconf/2 -I/usr/include/orbit-2.0  '
IUPAN_LIBS='-pthread -L/usr/lib/i386-linux-gnu -ldbus-1 -lpthread -lgconf-2 -lgobject-2.0 -lgthread-2.0 -lrt -lglib-2.0  '
LD='/usr/bin/ld'
LDFLAGS=''
LIBOBJS=''
LIBS=''
LIBTOOL='$(SHELL) $(top_builddir)/libtool'
LIPO=''
LN_S='ln -s'
LTLIBOBJS=''
MAKEINFO='${SHELL} /home/queminye/myproject/gobject-execise/missing --run makeinfo'
MKDIR_P='/bin/mkdir -p'
NM='/usr/bin/nm -B'
NMEDIT=''
OBJDUMP='objdump'
OBJEXT='o'
OTOOL64=''
OTOOL=''
PACKAGE='myupan'
PACKAGE_BUGREPORT='dongdong.que@asianux.com'
PACKAGE_NAME='myupan'
PACKAGE_STRING='myupan 1.0'
PACKAGE_TARNAME='myupan'
PACKAGE_URL=''
PACKAGE_VERSION='1.0'
PATH_SEPARATOR=':'
PKG_CONFIG='/usr/bin/pkg-config'
PKG_CONFIG_LIBDIR=''
PKG_CONFIG_PATH=''
RANLIB='ranlib'
SED='/bin/sed'
SET_MAKE=''
SHELL='/bin/bash'
STRIP='strip'
VERSION='1.0'
ac_ct_CC='gcc'
ac_ct_DUMPBIN=''
am__EXEEXT_FALSE=''
am__EXEEXT_TRUE='#'
am__fastdepCC_FALSE='#'
am__fastdepCC_TRUE=''
am__include='include'
am__isrc=''
am__leading_dot='.'
am__quote=''
am__tar='${AMTAR} chof - "$$tardir"'
am__untar='${AMTAR} xf -'
bindir='${exec_prefix}/bin'
build='i686-pc-linux-gnu'
build_alias=''
build_cpu='i686'
build_os='linux-gnu'
build_vendor='pc'
datadir='${datarootdir}'
datarootdir='${prefix}/share'
docdir='${datarootdir}/doc/${PACKAGE_TARNAME}'
dvidir='${docdir}'
exec_prefix='${prefix}'
host='i686-pc-linux-gnu'
host_alias=''
host_cpu='i686'
host_os='linux-gnu'
host_vendor='pc'
htmldir='${docdir}'
includedir='${prefix}/include'
infodir='${datarootdir}/info'
install_sh='${SHELL} /home/queminye/myproject/gobject-execise/install-sh'
libdir='${exec_prefix}/lib'
libexecdir='${exec_prefix}/libexec'
localedir='${datarootdir}/locale'
localstatedir='${prefix}/var'
lt_ECHO='echo'
mandir='${datarootdir}/man'
mkdir_p='/bin/mkdir -p'
oldincludedir='/usr/include'
pdfdir='${docdir}'
prefix='/usr/local'
program_transform_name='s,x,x,'
psdir='${docdir}'
sbindir='${exec_prefix}/sbin'
sharedstatedir='${prefix}/com'
sysconfdir='${prefix}/etc'
target_alias=''

## ----------- ##
## confdefs.h. ##
## ----------- ##

/* confdefs.h */
#define PACKAGE_NAME "myupan"
#define PACKAGE_TARNAME "myupan"
#define PACKAGE_VERSION "1.0"
#define PACKAGE_STRING "myupan 1.0"
#define PACKAGE_BUGREPORT "dongdong.que@asianux.com"
#define PACKAGE_URL ""
#define PACKAGE "myupan"
#define VERSION "1.0"
#define STDC_HEADERS 1
#define HAVE_SYS_TYPES_H 1
#define HAVE_SYS_STAT_H 1
#define HAVE_STDLIB_H 1
#define HAVE_STRING_H 1
#define HAVE_MEMORY_H 1
#define HAVE_STRINGS_H 1
#define HAVE_INTTYPES_H 1
#define HAVE_STDINT_H 1
#define HAVE_UNISTD_H 1
#define HAVE_DLFCN_H 1
#define LT_OBJDIR ".libs/"

configure: exit 0
